Copyright 1986-2022 Xilinx, Inc. All Rights Reserved. Copyright 2022-2025 Advanced Micro Devices, Inc. All Rights Reserved.
---------------------------------------------------------------------------------------------------------------------------------------------
| Tool Version : Vivado v.2025.2 (win64) Build 6299465 Fri Nov 14 19:35:11 GMT 2025
| Date         : Tue May 19 13:38:51 2026
| Host         : pjh running 64-bit major release  (build 9200)
| Command      : report_utilization -file kd240_ecat_bd_axi_smc_0_utilization_synth.rpt -pb kd240_ecat_bd_axi_smc_0_utilization_synth.pb
| Design       : kd240_ecat_bd_axi_smc_0
| Device       : xck24-ubva530-2LV-c
| Speed File   : -2LV
| Design State : Synthesized
---------------------------------------------------------------------------------------------------------------------------------------------

Utilization Design Information

Table of Contents
-----------------
1. CLB Logic
1.1 Summary of Registers by Type
2. BLOCKRAM
3. ARITHMETIC
4. I/O
5. CLOCK
6. ADVANCED
7. CONFIGURATION
8. Primitives
9. Black Boxes
10. Instantiated Netlists

1. CLB Logic
------------

+----------------------------+------+-------+------------+-----------+-------+
|          Site Type         | Used | Fixed | Prohibited | Available | Util% |
+----------------------------+------+-------+------------+-----------+-------+
| CLB LUTs*                  | 2718 |     0 |          0 |     70560 |  3.85 |
|   LUT as Logic             | 2680 |     0 |          0 |     70560 |  3.80 |
|   LUT as Memory            |   38 |     0 |          0 |     28800 |  0.13 |
|     LUT as Distributed RAM |    2 |     0 |            |           |       |
|     LUT as Shift Register  |   36 |     0 |            |           |       |
| CLB Registers              | 2928 |     0 |          0 |    141120 |  2.07 |
|   Register as Flip Flop    | 2928 |     0 |          0 |    141120 |  2.07 |
|   Register as Latch        |    0 |     0 |          0 |    141120 |  0.00 |
| CARRY8                     |   16 |     0 |          0 |      8820 |  0.18 |
| F7 Muxes                   |    1 |     0 |          0 |     35280 | <0.01 |
| F8 Muxes                   |    0 |     0 |          0 |     17640 |  0.00 |
| F9 Muxes                   |    0 |     0 |          0 |      8820 |  0.00 |
| Unique Control Sets        |  345 |       |          0 |     17640 |  1.96 |
+----------------------------+------+-------+------------+-----------+-------+
* Warning! The Final LUT count, after physical optimizations and full implementation, is typically lower. Run opt_design after synthesis, if not already completed, for a more realistic count.
Warning! LUT value is adjusted to account for LUT combining.
Warning! For any ECO changes, please run place_design if there are unplaced instances
** Note: Available Control Sets calculated as Slices * 2, Review the Control Sets Report for more information regarding control sets.


1.1 Summary of Registers by Type
--------------------------------

+-------+--------------+-------------+--------------+
| Total | Clock Enable | Synchronous | Asynchronous |
+-------+--------------+-------------+--------------+
| 0     |            _ |           - |            - |
| 0     |            _ |           - |          Set |
| 0     |            _ |           - |        Reset |
| 0     |            _ |         Set |            - |
| 0     |            _ |       Reset |            - |
| 0     |          Yes |           - |            - |
| 0     |          Yes |           - |          Set |
| 207   |          Yes |           - |        Reset |
| 120   |          Yes |         Set |            - |
| 2601  |          Yes |       Reset |            - |
+-------+--------------+-------------+--------------+


2. BLOCKRAM
-----------

+----------------+------+-------+------------+-----------+-------+
|    Site Type   | Used | Fixed | Prohibited | Available | Util% |
+----------------+------+-------+------------+-----------+-------+
| Block RAM Tile |    0 |     0 |          0 |       216 |  0.00 |
|   RAMB36/FIFO* |    0 |     0 |          0 |       216 |  0.00 |
|   RAMB18       |    0 |     0 |          0 |       432 |  0.00 |
+----------------+------+-------+------------+-----------+-------+
* Note: Each Block RAM Tile only has one FIFO logic available and therefore can accommodate only one FIFO36E2 or one FIFO18E2. However, if a FIFO18E2 occupies a Block RAM Tile, that tile can still accommodate a RAMB18E2


3. ARITHMETIC
-------------

+-----------+------+-------+------------+-----------+-------+
| Site Type | Used | Fixed | Prohibited | Available | Util% |
+-----------+------+-------+------------+-----------+-------+
| DSPs      |    0 |     0 |          0 |       360 |  0.00 |
+-----------+------+-------+------------+-----------+-------+


4. I/O
------

+------------------+------+-------+------------+-----------+-------+
|     Site Type    | Used | Fixed | Prohibited | Available | Util% |
+------------------+------+-------+------------+-----------+-------+
| Bonded IOB       |    0 |     0 |          0 |        81 |  0.00 |
|   HPIOB_M        |    0 |     0 |          0 |        26 |  0.00 |
|   HPIOB_S        |    0 |     0 |          0 |        26 |  0.00 |
|   HDIOB_M        |    0 |     0 |          0 |        12 |  0.00 |
|   HDIOB_S        |    0 |     0 |          0 |        11 |  0.00 |
|   HPIOB_SNGL     |    0 |     0 |          0 |         6 |  0.00 |
| HPIOBDIFFINBUF   |    0 |     0 |          0 |        72 |  0.00 |
| HPIOBDIFFOUTBUF  |    0 |     0 |          0 |        72 |  0.00 |
| HDIOBDIFFINBUF   |    0 |     0 |          0 |        48 |  0.00 |
| BITSLICE_CONTROL |    0 |     0 |          0 |        24 |  0.00 |
| BITSLICE_RX_TX   |    0 |     0 |          0 |       936 |  0.00 |
| BITSLICE_TX      |    0 |     0 |          0 |        24 |  0.00 |
| RIU_OR           |    0 |     0 |          0 |        12 |  0.00 |
+------------------+------+-------+------------+-----------+-------+


5. CLOCK
--------

+------------+------+-------+------------+-----------+-------+
|  Site Type | Used | Fixed | Prohibited | Available | Util% |
+------------+------+-------+------------+-----------+-------+
| BUFGCE     |    0 |     0 |          0 |        88 |  0.00 |
| BUFGCE_DIV |    0 |     0 |          0 |        12 |  0.00 |
| BUFG_PS    |    0 |     0 |          0 |        72 |  0.00 |
| BUFGCTRL*  |    0 |     0 |          0 |        24 |  0.00 |
| PLL        |    0 |     0 |          0 |         6 |  0.00 |
| MMCM       |    0 |     0 |          0 |         3 |  0.00 |
+------------+------+-------+------------+-----------+-------+
* Note: Each used BUFGCTRL counts as two GLOBAL CLOCK BUFFERs. This table does not include global clocking resources, only buffer cell usage. See the Clock Utilization Report (report_clock_utilization) for detailed accounting of global clocking resource availability.


6. ADVANCED
-----------

+-----------+------+-------+------------+-----------+-------+
| Site Type | Used | Fixed | Prohibited | Available | Util% |
+-----------+------+-------+------------+-----------+-------+
| PS8       |    0 |     0 |          0 |         1 |  0.00 |
| SYSMONE4  |    0 |     0 |          0 |         1 |  0.00 |
+-----------+------+-------+------------+-----------+-------+


7. CONFIGURATION
----------------

+-------------+------+-------+------------+-----------+-------+
|  Site Type  | Used | Fixed | Prohibited | Available | Util% |
+-------------+------+-------+------------+-----------+-------+
| BSCANE2     |    0 |     0 |          0 |         4 |  0.00 |
| DNA_PORTE2  |    0 |     0 |          0 |         1 |  0.00 |
| EFUSE_USR   |    0 |     0 |          0 |         1 |  0.00 |
| FRAME_ECCE4 |    0 |     0 |          0 |         1 |  0.00 |
| ICAPE3      |    0 |     0 |          0 |         2 |  0.00 |
| MASTER_JTAG |    0 |     0 |          0 |         1 |  0.00 |
| STARTUPE3   |    0 |     0 |          0 |         1 |  0.00 |
+-------------+------+-------+------------+-----------+-------+


8. Primitives
-------------

+----------+------+---------------------+
| Ref Name | Used | Functional Category |
+----------+------+---------------------+
| FDRE     | 2601 |            Register |
| LUT2     |  905 |                 CLB |
| LUT6     |  790 |                 CLB |
| LUT3     |  668 |                 CLB |
| LUT4     |  500 |                 CLB |
| LUT5     |  486 |                 CLB |
| LUT1     |  240 |                 CLB |
| FDCE     |  207 |            Register |
| FDSE     |  120 |            Register |
| SRLC32E  |   18 |                 CLB |
| SRL16E   |   18 |                 CLB |
| CARRY8   |   16 |                 CLB |
| RAMD32   |    2 |                 CLB |
| MUXF7    |    1 |                 CLB |
+----------+------+---------------------+


9. Black Boxes
--------------

+----------+------+
| Ref Name | Used |
+----------+------+


10. Instantiated Netlists
-------------------------

+----------+------+
| Ref Name | Used |
+----------+------+


